<?xml version="1.0" encoding="UTF-8"?>
<testng-results skipped="0" failed="0" ignored="0" total="1" passed="1">
  <reporter-output>
  </reporter-output>
  <suite name="Default suite" duration-ms="42286" started-at="2018-07-26T14:51:42Z" finished-at="2018-07-26T14:52:24Z">
    <groups>
    </groups>
    <test name="Default test" duration-ms="42286" started-at="2018-07-26T14:51:42Z" finished-at="2018-07-26T14:52:24Z">
      <class name="SeleniumGrid.Grid_26_July_2018">
        <test-method status="PASS" signature="test()[pri:0, instance:SeleniumGrid.Grid_26_July_2018@6a41eaa2]" name="test" duration-ms="42262" started-at="2018-07-26T20:21:42Z" finished-at="2018-07-26T20:22:24Z">
          <reporter-output>
          </reporter-output>
        </test-method> <!-- test -->
      </class> <!-- SeleniumGrid.Grid_26_July_2018 -->
    </test> <!-- Default test -->
  </suite> <!-- Default suite -->
</testng-results>
